Date 22.01.23, Time 16:33:47, CPU_load            7.81    0.52    3.41    0.75    0.00   87.50
Date 22.01.23, Time 16:33:48, CPU_load            7.81    0.53    3.42    0.75    0.00   87.49
Date 22.01.23, Time 16:33:49, CPU_load            7.81    0.53    3.43    0.75    0.00   87.49
Date 22.01.23, Time 16:33:50, CPU_load            7.81    0.53    3.43    0.75    0.00   87.48
Date 22.01.23, Time 16:33:51, CPU_load            7.81    0.53    3.43    0.75    0.00   87.48
Date 22.01.23, Time 16:33:52, CPU_load            7.81    0.53    3.44    0.75    0.00   87.47
Date 22.01.23, Time 16:33:53, CPU_load            7.81    0.53    3.44    0.75    0.00   87.47
Date 22.01.23, Time 16:33:54, CPU_load            7.81    0.53    3.44    0.75    0.00   87.47
Date 22.01.23, Time 16:33:55, CPU_load            7.81    0.53    3.45    0.75    0.00   87.46
Date 22.01.23, Time 16:33:56, CPU_load            7.81    0.53    3.45    0.75    0.00   87.46
Date 22.01.23, Time 16:33:57, CPU_load            7.81    0.53    3.45    0.75    0.00   87.46
Date 22.01.23, Time 16:33:58, CPU_load            7.81    0.53    3.46    0.75    0.00   87.45
Date 22.01.23, Time 16:33:59, CPU_load            7.81    0.53    3.46    0.75    0.00   87.45
Date 22.01.23, Time 16:34:00, CPU_load            7.81    0.53    3.46    0.75    0.00   87.44
Date 22.01.23, Time 16:34:01, CPU_load            7.82    0.53    3.47    0.75    0.00   87.44
Date 22.01.23, Time 16:34:02, CPU_load            7.82    0.53    3.47    0.75    0.00   87.43
Date 22.01.23, Time 16:34:03, CPU_load            7.82    0.53    3.48    0.75    0.00   87.43
Date 22.01.23, Time 16:34:04, CPU_load            7.82    0.53    3.48    0.75    0.00   87.42
Date 22.01.23, Time 16:34:05, CPU_load            7.82    0.53    3.48    0.75    0.00   87.42
Date 22.01.23, Time 16:34:06, CPU_load            7.82    0.53    3.49    0.75    0.00   87.42
Date 22.01.23, Time 16:34:08, CPU_load            7.82    0.53    3.49    0.75    0.00   87.41
Date 22.01.23, Time 16:34:09, CPU_load            7.82    0.53    3.50    0.75    0.00   87.41
Date 22.01.23, Time 16:34:10, CPU_load            7.82    0.53    3.50    0.75    0.00   87.40
Date 22.01.23, Time 16:34:11, CPU_load            7.82    0.53    3.51    0.75    0.00   87.40
Date 22.01.23, Time 16:34:12, CPU_load            7.82    0.53    3.51    0.75    0.00   87.39
Date 22.01.23, Time 16:34:13, CPU_load            7.82    0.53    3.51    0.75    0.00   87.39
Date 22.01.23, Time 16:34:14, CPU_load            7.82    0.53    3.52    0.75    0.00   87.39
Date 22.01.23, Time 16:34:15, CPU_load            7.82    0.53    3.52    0.75    0.00   87.38
Date 22.01.23, Time 16:34:16, CPU_load            7.82    0.53    3.52    0.75    0.00   87.38
Date 22.01.23, Time 16:34:17, CPU_load            7.82    0.53    3.53    0.75    0.00   87.37
Date 22.01.23, Time 16:34:18, CPU_load            7.82    0.53    3.53    0.75    0.00   87.37
Date 22.01.23, Time 16:34:19, CPU_load            7.83    0.53    3.54    0.75    0.00   87.36
Date 22.01.23, Time 16:34:20, CPU_load            7.83    0.53    3.54    0.75    0.00   87.35
Date 22.01.23, Time 16:34:21, CPU_load            7.84    0.53    3.55    0.75    0.00   87.33
Date 22.01.23, Time 16:34:22, CPU_load            7.86    0.53    3.55    0.75    0.00   87.31
Date 22.01.23, Time 16:34:23, CPU_load            7.87    0.53    3.56    0.75    0.00   87.29
Date 22.01.23, Time 16:34:24, CPU_load            7.88    0.53    3.57    0.75    0.00   87.28
Date 22.01.23, Time 16:34:25, CPU_load            7.89    0.53    3.57    0.75    0.00   87.25
Date 22.01.23, Time 16:34:26, CPU_load            7.90    0.53    3.58    0.75    0.00   87.24
Date 22.01.23, Time 16:34:28, CPU_load            7.92    0.53    3.58    0.75    0.00   87.22
Date 22.01.23, Time 16:34:29, CPU_load            7.92    0.53    3.59    0.75    0.00   87.21
Date 22.01.23, Time 16:34:30, CPU_load            7.93    0.53    3.59    0.75    0.00   87.20
Date 22.01.23, Time 16:34:31, CPU_load            7.93    0.53    3.60    0.75    0.00   87.19
Date 22.01.23, Time 16:34:32, CPU_load            7.95    0.53    3.60    0.75    0.00   87.17
Date 22.01.23, Time 16:34:33, CPU_load            7.95    0.53    3.60    0.75    0.00   87.16
Date 22.01.23, Time 16:34:34, CPU_load            7.96    0.53    3.61    0.75    0.00   87.14
Date 22.01.23, Time 16:34:35, CPU_load            7.97    0.53    3.62    0.75    0.00   87.13
Date 22.01.23, Time 16:34:36, CPU_load            7.98    0.53    3.62    0.75    0.00   87.12
Date 22.01.23, Time 16:34:37, CPU_load            7.99    0.53    3.63    0.75    0.00   87.11
Date 22.01.23, Time 16:34:38, CPU_load            8.00    0.53    3.63    0.75    0.00   87.09
Date 22.01.23, Time 16:34:39, CPU_load            8.01    0.53    3.63    0.75    0.00   87.07
Date 22.01.23, Time 16:34:40, CPU_load            8.02    0.54    3.64    0.75    0.00   87.06
Date 22.01.23, Time 16:34:41, CPU_load            8.03    0.54    3.64    0.75    0.00   87.04
Date 22.01.23, Time 16:34:42, CPU_load            8.04    0.54    3.65    0.75    0.00   87.03
Date 22.01.23, Time 16:34:43, CPU_load            8.05    0.54    3.65    0.75    0.00   87.02
Date 22.01.23, Time 16:34:45, CPU_load            8.06    0.54    3.66    0.75    0.00   87.00
Date 22.01.23, Time 16:34:46, CPU_load            8.06    0.54    3.66    0.75    0.00   86.99
Date 22.01.23, Time 16:34:47, CPU_load            8.07    0.54    3.67    0.75    0.00   86.98
Date 22.01.23, Time 16:34:48, CPU_load            8.08    0.54    3.67    0.75    0.00   86.97
Date 22.01.23, Time 16:34:49, CPU_load            8.09    0.54    3.67    0.75    0.00   86.96
Date 22.01.23, Time 16:34:50, CPU_load            8.09    0.54    3.68    0.75    0.00   86.94
Date 22.01.23, Time 16:34:51, CPU_load            8.10    0.54    3.68    0.75    0.00   86.93
Date 22.01.23, Time 16:34:52, CPU_load            8.11    0.54    3.69    0.75    0.00   86.92
Date 22.01.23, Time 16:34:53, CPU_load            8.12    0.54    3.69    0.75    0.00   86.91
Date 22.01.23, Time 16:34:54, CPU_load            8.12    0.54    3.69    0.75    0.00   86.90
Date 22.01.23, Time 16:34:55, CPU_load            8.13    0.54    3.70    0.74    0.00   86.89
Date 22.01.23, Time 16:34:56, CPU_load            8.14    0.54    3.70    0.74    0.00   86.88
Date 22.01.23, Time 16:34:57, CPU_load            8.15    0.54    3.71    0.74    0.00   86.87
Date 22.01.23, Time 16:34:58, CPU_load            8.15    0.54    3.71    0.74    0.00   86.85
Date 22.01.23, Time 16:34:59, CPU_load            8.16    0.54    3.72    0.74    0.00   86.84
Date 22.01.23, Time 16:35:00, CPU_load            8.17    0.54    3.72    0.74    0.00   86.83
Date 22.01.23, Time 16:35:01, CPU_load            8.18    0.54    3.73    0.74    0.00   86.82
Date 22.01.23, Time 16:35:02, CPU_load            8.18    0.54    3.73    0.74    0.00   86.81
Date 22.01.23, Time 16:35:04, CPU_load            8.19    0.54    3.73    0.74    0.00   86.79
Date 22.01.23, Time 16:35:05, CPU_load            8.20    0.54    3.74    0.74    0.00   86.78
Date 22.01.23, Time 16:35:06, CPU_load            8.21    0.54    3.74    0.74    0.00   86.77
Date 22.01.23, Time 16:35:07, CPU_load            8.21    0.54    3.75    0.74    0.00   86.76
Date 22.01.23, Time 16:35:08, CPU_load            8.22    0.54    3.75    0.74    0.00   86.75
Date 22.01.23, Time 16:35:09, CPU_load            8.23    0.54    3.76    0.74    0.00   86.73
Date 22.01.23, Time 16:35:10, CPU_load            8.24    0.54    3.76    0.74    0.00   86.72
Date 22.01.23, Time 16:35:11, CPU_load            8.24    0.54    3.76    0.74    0.00   86.71
Date 22.01.23, Time 16:35:12, CPU_load            8.25    0.54    3.77    0.74    0.00   86.70
Date 22.01.23, Time 16:35:13, CPU_load            8.26    0.54    3.77    0.74    0.00   86.69
Date 22.01.23, Time 16:35:14, CPU_load            8.27    0.54    3.77    0.74    0.00   86.68
Date 22.01.23, Time 16:35:15, CPU_load            8.27    0.54    3.78    0.74    0.00   86.67
Date 22.01.23, Time 16:35:16, CPU_load            8.28    0.54    3.78    0.74    0.00   86.65
Date 22.01.23, Time 16:35:17, CPU_load            8.29    0.54    3.79    0.74    0.00   86.64
Date 22.01.23, Time 16:35:18, CPU_load            8.30    0.54    3.79    0.74    0.00   86.63
Date 22.01.23, Time 16:35:19, CPU_load            8.31    0.54    3.79    0.74    0.00   86.62
Date 22.01.23, Time 16:35:20, CPU_load            8.31    0.54    3.80    0.74    0.00   86.61
Date 22.01.23, Time 16:35:21, CPU_load            8.32    0.54    3.80    0.74    0.00   86.59
Date 22.01.23, Time 16:35:23, CPU_load            8.33    0.54    3.81    0.74    0.00   86.58
Date 22.01.23, Time 16:35:24, CPU_load            8.34    0.54    3.81    0.74    0.00   86.57
Date 22.01.23, Time 16:35:25, CPU_load            8.34    0.54    3.81    0.74    0.00   86.56
Date 22.01.23, Time 16:35:26, CPU_load            8.35    0.54    3.82    0.74    0.00   86.55
Date 22.01.23, Time 16:35:27, CPU_load            8.36    0.54    3.82    0.74    0.00   86.54
Date 22.01.23, Time 16:35:28, CPU_load            8.37    0.54    3.83    0.74    0.00   86.53
Date 22.01.23, Time 16:35:29, CPU_load            8.37    0.54    3.83    0.74    0.00   86.51
Date 22.01.23, Time 16:35:30, CPU_load            8.38    0.54    3.83    0.74    0.00   86.50
Date 22.01.23, Time 16:35:31, CPU_load            8.39    0.54    3.84    0.74    0.00   86.49
Date 22.01.23, Time 16:35:32, CPU_load            8.40    0.54    3.84    0.74    0.00   86.48
Date 22.01.23, Time 16:35:33, CPU_load            8.40    0.54    3.85    0.74    0.00   86.46
Date 22.01.23, Time 16:35:34, CPU_load            8.41    0.54    3.85    0.74    0.00   86.45
Date 22.01.23, Time 16:35:35, CPU_load            8.42    0.54    3.86    0.74    0.00   86.44
Date 22.01.23, Time 16:35:36, CPU_load            8.43    0.54    3.86    0.74    0.00   86.43
Date 22.01.23, Time 16:35:37, CPU_load            8.43    0.54    3.87    0.74    0.00   86.42
Date 22.01.23, Time 16:35:38, CPU_load            8.44    0.55    3.87    0.74    0.00   86.41
Date 22.01.23, Time 16:35:39, CPU_load            8.45    0.55    3.87    0.74    0.00   86.40
Date 22.01.23, Time 16:35:40, CPU_load            8.46    0.55    3.88    0.74    0.00   86.38
Date 22.01.23, Time 16:35:41, CPU_load            8.46    0.55    3.88    0.74    0.00   86.37
Date 22.01.23, Time 16:35:43, CPU_load            8.47    0.55    3.89    0.74    0.00   86.36
Date 22.01.23, Time 16:35:44, CPU_load            8.48    0.55    3.89    0.74    0.00   86.35
Date 22.01.23, Time 16:35:45, CPU_load            8.49    0.55    3.89    0.74    0.00   86.34
Date 22.01.23, Time 16:35:46, CPU_load            8.50    0.55    3.90    0.74    0.00   86.33
Date 22.01.23, Time 16:35:47, CPU_load            8.50    0.55    3.90    0.74    0.00   86.32
Date 22.01.23, Time 16:35:48, CPU_load            8.51    0.55    3.90    0.74    0.00   86.31
Date 22.01.23, Time 16:35:49, CPU_load            8.52    0.55    3.91    0.73    0.00   86.29
Date 22.01.23, Time 16:35:50, CPU_load            8.53    0.55    3.91    0.73    0.00   86.28
Date 22.01.23, Time 16:35:51, CPU_load            8.53    0.55    3.91    0.73    0.00   86.27
Date 22.01.23, Time 16:35:52, CPU_load            8.54    0.55    3.92    0.73    0.00   86.26
Date 22.01.23, Time 16:35:53, CPU_load            8.55    0.55    3.92    0.73    0.00   86.25
Date 22.01.23, Time 16:35:54, CPU_load            8.56    0.55    3.93    0.73    0.00   86.24
Date 22.01.23, Time 16:35:55, CPU_load            8.56    0.55    3.93    0.73    0.00   86.22
Date 22.01.23, Time 16:35:56, CPU_load            8.57    0.55    3.94    0.73    0.00   86.21
Date 22.01.23, Time 16:35:57, CPU_load            8.58    0.55    3.94    0.73    0.00   86.20
Date 22.01.23, Time 16:35:58, CPU_load            8.59    0.55    3.94    0.73    0.00   86.19
Date 22.01.23, Time 16:35:59, CPU_load            8.59    0.55    3.95    0.73    0.00   86.18
Date 22.01.23, Time 16:36:00, CPU_load            8.60    0.55    3.95    0.73    0.00   86.17
Date 22.01.23, Time 16:36:02, CPU_load            8.61    0.55    3.95    0.73    0.00   86.16
Date 22.01.23, Time 16:36:03, CPU_load            8.62    0.55    3.96    0.73    0.00   86.15
Date 22.01.23, Time 16:36:04, CPU_load            8.62    0.55    3.96    0.73    0.00   86.13
Date 22.01.23, Time 16:36:05, CPU_load            8.63    0.55    3.97    0.73    0.00   86.12
Date 22.01.23, Time 16:36:06, CPU_load            8.64    0.55    3.97    0.73    0.00   86.11
Date 22.01.23, Time 16:36:07, CPU_load            8.64    0.55    3.98    0.73    0.00   86.10
Date 22.01.23, Time 16:36:08, CPU_load            8.65    0.55    3.98    0.73    0.00   86.09
Date 22.01.23, Time 16:36:09, CPU_load            8.66    0.55    3.98    0.73    0.00   86.08
Date 22.01.23, Time 16:36:10, CPU_load            8.67    0.55    3.99    0.73    0.00   86.07
Date 22.01.23, Time 16:36:11, CPU_load            8.67    0.55    3.99    0.73    0.00   86.05
Date 22.01.23, Time 16:36:12, CPU_load            8.68    0.55    3.99    0.73    0.00   86.04
Date 22.01.23, Time 16:36:13, CPU_load            8.69    0.55    4.00    0.73    0.00   86.03
Date 22.01.23, Time 16:36:14, CPU_load            8.70    0.55    4.00    0.73    0.00   86.02
Date 22.01.23, Time 16:36:15, CPU_load            8.70    0.55    4.01    0.73    0.00   86.01
Date 22.01.23, Time 16:36:16, CPU_load            8.71    0.55    4.01    0.73    0.00   86.00
Date 22.01.23, Time 16:36:17, CPU_load            8.72    0.55    4.01    0.73    0.00   85.99
Date 22.01.23, Time 16:36:18, CPU_load            8.73    0.55    4.02    0.73    0.00   85.98
Date 22.01.23, Time 16:36:19, CPU_load            8.73    0.55    4.02    0.73    0.00   85.97
Date 22.01.23, Time 16:36:21, CPU_load            8.74    0.55    4.03    0.73    0.00   85.95
Date 22.01.23, Time 16:36:22, CPU_load            8.75    0.55    4.03    0.73    0.00   85.94
Date 22.01.23, Time 16:36:23, CPU_load            8.75    0.55    4.03    0.73    0.00   85.93
Date 22.01.23, Time 16:36:24, CPU_load            8.76    0.55    4.04    0.73    0.00   85.92
Date 22.01.23, Time 16:36:25, CPU_load            8.77    0.55    4.04    0.73    0.00   85.91
Date 22.01.23, Time 16:36:26, CPU_load            8.78    0.55    4.04    0.73    0.00   85.90
Date 22.01.23, Time 16:36:27, CPU_load            8.78    0.55    4.05    0.73    0.00   85.89
Date 22.01.23, Time 16:36:28, CPU_load            8.79    0.55    4.05    0.73    0.00   85.88
Date 22.01.23, Time 16:36:29, CPU_load            8.80    0.55    4.05    0.73    0.00   85.87
Date 22.01.23, Time 16:36:30, CPU_load            8.81    0.55    4.06    0.73    0.00   85.86
Date 22.01.23, Time 16:36:31, CPU_load            8.81    0.55    4.06    0.73    0.00   85.85
Date 22.01.23, Time 16:36:32, CPU_load            8.82    0.55    4.07    0.73    0.00   85.83
Date 22.01.23, Time 16:36:33, CPU_load            8.83    0.55    4.07    0.73    0.00   85.82
Date 22.01.23, Time 16:36:34, CPU_load            8.84    0.55    4.07    0.73    0.00   85.81
Date 22.01.23, Time 16:36:35, CPU_load            8.84    0.55    4.08    0.73    0.00   85.80
Date 22.01.23, Time 16:36:36, CPU_load            8.85    0.55    4.08    0.73    0.00   85.79
Date 22.01.23, Time 16:36:37, CPU_load            8.86    0.55    4.09    0.72    0.00   85.78
Date 22.01.23, Time 16:36:38, CPU_load            8.86    0.55    4.09    0.72    0.00   85.77
Date 22.01.23, Time 16:36:40, CPU_load            8.87    0.55    4.09    0.72    0.00   85.76
Date 22.01.23, Time 16:36:41, CPU_load            8.88    0.55    4.10    0.72    0.00   85.74
Date 22.01.23, Time 16:36:42, CPU_load            8.89    0.55    4.10    0.72    0.00   85.73
Date 22.01.23, Time 16:36:43, CPU_load            8.89    0.55    4.11    0.72    0.00   85.72
Date 22.01.23, Time 16:36:44, CPU_load            8.90    0.55    4.11    0.72    0.00   85.71
Date 22.01.23, Time 16:36:45, CPU_load            8.91    0.56    4.12    0.72    0.00   85.70
Date 22.01.23, Time 16:36:46, CPU_load            8.92    0.56    4.12    0.72    0.00   85.69
Date 22.01.23, Time 16:36:47, CPU_load            8.92    0.56    4.12    0.72    0.00   85.68
Date 22.01.23, Time 16:36:48, CPU_load            8.93    0.56    4.13    0.72    0.00   85.66
Date 22.01.23, Time 16:36:49, CPU_load            8.94    0.56    4.13    0.72    0.00   85.65
Date 22.01.23, Time 16:36:50, CPU_load            8.94    0.56    4.14    0.72    0.00   85.64
Date 22.01.23, Time 16:36:51, CPU_load            8.95    0.56    4.14    0.72    0.00   85.63
Date 22.01.23, Time 16:36:52, CPU_load            8.96    0.56    4.14    0.72    0.00   85.62
Date 22.01.23, Time 16:36:53, CPU_load            8.97    0.56    4.15    0.72    0.00   85.61
Date 22.01.23, Time 16:36:54, CPU_load            8.97    0.56    4.15    0.72    0.00   85.59
Date 22.01.23, Time 16:36:55, CPU_load            8.98    0.56    4.16    0.72    0.00   85.58
Date 22.01.23, Time 16:36:56, CPU_load            8.99    0.56    4.16    0.72    0.00   85.57
Date 22.01.23, Time 16:36:58, CPU_load            9.00    0.56    4.17    0.72    0.00   85.56
Date 22.01.23, Time 16:36:59, CPU_load            9.00    0.56    4.17    0.72    0.00   85.55
Date 22.01.23, Time 16:37:00, CPU_load            9.01    0.56    4.18    0.72    0.00   85.54
Date 22.01.23, Time 16:37:01, CPU_load            9.02    0.56    4.18    0.72    0.00   85.53
Date 22.01.23, Time 16:37:02, CPU_load            9.02    0.56    4.18    0.72    0.00   85.51
Date 22.01.23, Time 16:37:03, CPU_load            9.03    0.56    4.19    0.72    0.00   85.50
Date 22.01.23, Time 16:37:04, CPU_load            9.04    0.56    4.19    0.72    0.00   85.49
Date 22.01.23, Time 16:37:05, CPU_load            9.05    0.56    4.20    0.72    0.00   85.48
Date 22.01.23, Time 16:37:06, CPU_load            9.05    0.56    4.20    0.72    0.00   85.47
Date 22.01.23, Time 16:37:07, CPU_load            9.06    0.56    4.20    0.72    0.00   85.46
Date 22.01.23, Time 16:37:08, CPU_load            9.07    0.56    4.21    0.72    0.00   85.45
Date 22.01.23, Time 16:37:09, CPU_load            9.07    0.56    4.21    0.72    0.00   85.44
Date 22.01.23, Time 16:37:10, CPU_load            9.08    0.56    4.22    0.72    0.00   85.43
Date 22.01.23, Time 16:37:11, CPU_load            9.09    0.56    4.22    0.72    0.00   85.42
Date 22.01.23, Time 16:37:12, CPU_load            9.09    0.56    4.23    0.72    0.00   85.40
Date 22.01.23, Time 16:37:13, CPU_load            9.10    0.56    4.23    0.72    0.00   85.39
Date 22.01.23, Time 16:37:14, CPU_load            9.11    0.56    4.24    0.72    0.00   85.38
Date 22.01.23, Time 16:37:16, CPU_load            9.12    0.56    4.24    0.72    0.00   85.37
Date 22.01.23, Time 16:37:17, CPU_load            9.12    0.56    4.24    0.72    0.00   85.36
Date 22.01.23, Time 16:37:18, CPU_load            9.13    0.56    4.25    0.72    0.00   85.35
Date 22.01.23, Time 16:37:19, CPU_load            9.14    0.56    4.25    0.72    0.00   85.34
Date 22.01.23, Time 16:37:20, CPU_load            9.14    0.56    4.26    0.72    0.00   85.32
Date 22.01.23, Time 16:37:21, CPU_load            9.15    0.56    4.26    0.72    0.00   85.31
Date 22.01.23, Time 16:37:22, CPU_load            9.16    0.56    4.27    0.72    0.00   85.30
Date 22.01.23, Time 16:37:23, CPU_load            9.16    0.56    4.27    0.72    0.00   85.29
Date 22.01.23, Time 16:37:24, CPU_load            9.17    0.56    4.27    0.71    0.00   85.28
Date 22.01.23, Time 16:37:25, CPU_load            9.18    0.56    4.28    0.71    0.00   85.27
Date 22.01.23, Time 16:37:26, CPU_load            9.19    0.56    4.28    0.71    0.00   85.26
Date 22.01.23, Time 16:37:27, CPU_load            9.19    0.56    4.29    0.71    0.00   85.25
Date 22.01.23, Time 16:37:28, CPU_load            9.20    0.56    4.29    0.71    0.00   85.24
Date 22.01.23, Time 16:37:29, CPU_load            9.21    0.56    4.29    0.71    0.00   85.22
Date 22.01.23, Time 16:37:30, CPU_load            9.21    0.56    4.30    0.71    0.00   85.21
Date 22.01.23, Time 16:37:31, CPU_load            9.22    0.56    4.30    0.71    0.00   85.20
Date 22.01.23, Time 16:37:32, CPU_load            9.23    0.56    4.31    0.71    0.00   85.19
Date 22.01.23, Time 16:37:34, CPU_load            9.24    0.56    4.31    0.71    0.00   85.18
Date 22.01.23, Time 16:37:35, CPU_load            9.24    0.56    4.32    0.71    0.00   85.17
Date 22.01.23, Time 16:37:36, CPU_load            9.25    0.56    4.32    0.71    0.00   85.15
Date 22.01.23, Time 16:37:37, CPU_load            9.26    0.56    4.33    0.71    0.00   85.14
Date 22.01.23, Time 16:37:38, CPU_load            9.26    0.56    4.33    0.71    0.00   85.13
Date 22.01.23, Time 16:37:39, CPU_load            9.27    0.56    4.33    0.71    0.00   85.12
Date 22.01.23, Time 16:37:40, CPU_load            9.28    0.56    4.34    0.71    0.00   85.11
Date 22.01.23, Time 16:37:41, CPU_load            9.28    0.56    4.34    0.71    0.00   85.10
Date 22.01.23, Time 16:37:42, CPU_load            9.29    0.56    4.34    0.71    0.00   85.09
Date 22.01.23, Time 16:37:43, CPU_load            9.30    0.56    4.35    0.71    0.00   85.08
Date 22.01.23, Time 16:37:44, CPU_load            9.30    0.57    4.35    0.71    0.00   85.07
Date 22.01.23, Time 16:37:45, CPU_load            9.31    0.57    4.36    0.71    0.00   85.06
Date 22.01.23, Time 16:37:46, CPU_load            9.32    0.57    4.36    0.71    0.00   85.04
Date 22.01.23, Time 16:37:47, CPU_load            9.32    0.57    4.36    0.71    0.00   85.04
Date 22.01.23, Time 16:37:48, CPU_load            9.33    0.57    4.37    0.71    0.00   85.02
Date 22.01.23, Time 16:37:49, CPU_load            9.34    0.57    4.37    0.71    0.00   85.01
Date 22.01.23, Time 16:37:50, CPU_load            9.34    0.57    4.38    0.71    0.00   85.00
Date 22.01.23, Time 16:37:51, CPU_load            9.35    0.57    4.38    0.71    0.00   84.99
Date 22.01.23, Time 16:37:53, CPU_load            9.36    0.57    4.39    0.71    0.00   84.98
Date 22.01.23, Time 16:37:54, CPU_load            9.37    0.57    4.39    0.71    0.00   84.97
Date 22.01.23, Time 16:37:55, CPU_load            9.37    0.57    4.39    0.71    0.00   84.96
Date 22.01.23, Time 16:37:56, CPU_load            9.38    0.57    4.40    0.71    0.00   84.95
Date 22.01.23, Time 16:37:57, CPU_load            9.39    0.57    4.40    0.71    0.00   84.93
Date 22.01.23, Time 16:37:58, CPU_load            9.39    0.57    4.41    0.71    0.00   84.92
Date 22.01.23, Time 16:37:59, CPU_load            9.40    0.57    4.41    0.71    0.00   84.91
Date 22.01.23, Time 16:38:00, CPU_load            9.41    0.57    4.41    0.71    0.00   84.90
Date 22.01.23, Time 16:38:01, CPU_load            9.41    0.57    4.42    0.71    0.00   84.89
Date 22.01.23, Time 16:38:02, CPU_load            9.42    0.57    4.42    0.71    0.00   84.88
Date 22.01.23, Time 16:38:03, CPU_load            9.43    0.57    4.42    0.71    0.00   84.87
Date 22.01.23, Time 16:38:04, CPU_load            9.43    0.57    4.42    0.71    0.00   84.87
Date 22.01.23, Time 16:38:05, CPU_load            9.44    0.57    4.42    0.71    0.00   84.86
Date 22.01.23, Time 16:38:06, CPU_load            9.44    0.57    4.42    0.71    0.00   84.86
Date 22.01.23, Time 16:38:07, CPU_load            9.45    0.57    4.42    0.71    0.00   84.85
Date 22.01.23, Time 16:38:08, CPU_load            9.45    0.57    4.42    0.71    0.00   84.85
Date 22.01.23, Time 16:38:09, CPU_load            9.46    0.57    4.42    0.71    0.00   84.84
Date 22.01.23, Time 16:38:10, CPU_load            9.47    0.57    4.42    0.71    0.00   84.84
Date 22.01.23, Time 16:38:11, CPU_load            9.47    0.57    4.42    0.71    0.00   84.83
Date 22.01.23, Time 16:38:13, CPU_load            9.48    0.57    4.42    0.71    0.00   84.83
